<?xml version="1.0" encoding="UTF-8"?>
<testng-results skipped="0" failed="0" total="1" passed="1">
  <reporter-output>
  </reporter-output>
  <suite name="Default suite" duration-ms="2156" started-at="2022-12-23T13:29:37Z" finished-at="2022-12-23T13:29:39Z">
    <groups>
    </groups>
    <test name="Default test" duration-ms="2156" started-at="2022-12-23T13:29:37Z" finished-at="2022-12-23T13:29:39Z">
      <class name="sample.get_projects">
        <test-method status="PASS" signature="getallprojects()[pri:0, instance:sample.get_projects@23529fee]" name="getallprojects" duration-ms="2115" started-at="2022-12-23T18:59:37Z" finished-at="2022-12-23T18:59:39Z">
          <reporter-output>
          </reporter-output>
        </test-method> <!-- getallprojects -->
      </class> <!-- sample.get_projects -->
    </test> <!-- Default test -->
  </suite> <!-- Default suite -->
</testng-results>
