<?xml version="1.0" encoding="UTF-8"?>
<testng-results skipped="0" failed="0" total="1" passed="1">
  <reporter-output>
  </reporter-output>
  <suite name="Default suite" duration-ms="4053" started-at="2022-12-27T13:26:16Z" finished-at="2022-12-27T13:26:20Z">
    <groups>
    </groups>
    <test name="Default test" duration-ms="4053" started-at="2022-12-27T13:26:16Z" finished-at="2022-12-27T13:26:20Z">
      <class name="authentication.auth20">
        <test-method status="PASS" signature="authentication20()[pri:0, instance:authentication.auth20@23529fee]" name="authentication20" duration-ms="3921" started-at="2022-12-27T18:56:16Z" finished-at="2022-12-27T18:56:20Z">
          <reporter-output>
          </reporter-output>
        </test-method> <!-- authentication20 -->
      </class> <!-- authentication.auth20 -->
    </test> <!-- Default test -->
  </suite> <!-- Default suite -->
</testng-results>
